Obtido IP do servidor.
Aberto um novo socket.
Iniciando envio de pacotes...
Iniciando recebimento de pacotes...
Enviado pacote # 0.
Enviado pacote # 1.
Enviado pacote # 2.
Enviado pacote # 3.
Enviado pacote # 4.
Enviado pacote # 5.
Enviado pacote # 6.
Enviado pacote # 7.
Enviado pacote # 8.
Enviado pacote # 9.
Enviado pacote # 10.
Enviado pacote # 11.
Enviado pacote # 12.
Enviado pacote # 13.
Enviado pacote # 14.
Enviado pacote # 15.
Enviado pacote # 16.
Enviado pacote # 17.
Enviado pacote # 18.
Enviado pacote # 19.
Enviado pacote # 20.
Enviado pacote # 21.
Enviado pacote # 22.
Enviado pacote # 23.
Enviado pacote # 24.
Enviado pacote # 25.
Enviado pacote # 26.
Enviado pacote # 27.
Enviado pacote # 28.
Enviado pacote # 29.
Enviado pacote # 30.
Enviado pacote # 31.
Enviado pacote # 32.
Enviado pacote # 33.
Enviado pacote # 34.
Enviado pacote # 35.
Enviado pacote # 36.
Enviado pacote # 37.
Enviado pacote # 38.
Enviado pacote # 39.
Enviado pacote # 40.
Enviado pacote # 41.
Enviado pacote # 42.
Enviado pacote # 43.
Enviado pacote # 44.
Enviado pacote # 45.
Enviado pacote # 46.
Enviado pacote # 47.
Enviado pacote # 48.
Enviado pacote # 49.
Enviado pacote # 50.
Enviado pacote # 51.
Enviado pacote # 52.
Enviado pacote # 53.
Enviado pacote # 54.
Enviado pacote # 55.
Enviado pacote # 56.
Enviado pacote # 57.
Enviado pacote # 58.
Enviado pacote # 59.
Enviado pacote # 60.
Enviado pacote # 61.
Enviado pacote # 62.
Enviado pacote # 63.
Enviado pacote # 64.
Enviado pacote # 65.
Enviado pacote # 66.
Enviado pacote # 67.
Enviado pacote # 68.
Enviado pacote # 69.
Enviado pacote # 70.
Enviado pacote # 71.
Enviado pacote # 72.
Enviado pacote # 73.
Enviado pacote # 74.
Enviado pacote # 75.
Enviado pacote # 76.
Enviado pacote # 77.
Enviado pacote # 78.
Enviado pacote # 79.
Enviado pacote # 80.
Enviado pacote # 81.
Enviado pacote # 82.
Enviado pacote # 83.
Enviado pacote # 84.
Enviado pacote # 85.
Enviado pacote # 86.
Enviado pacote # 87.
Enviado pacote # 88.
Enviado pacote # 89.
Enviado pacote # 90.
Enviado pacote # 91.
Enviado pacote # 92.
Enviado pacote # 93.
Enviado pacote # 94.
Enviado pacote # 95.
Enviado pacote # 96.
Enviado pacote # 97.
Enviado pacote # 98.
Enviado pacote # 99.
Enviado pacote # 100.
Enviado pacote # 101.
Enviado pacote # 102.
Enviado pacote # 103.
Enviado pacote # 104.
Enviado pacote # 105.
Enviado pacote # 106.
Enviado pacote # 107.
Enviado pacote # 108.
Enviado pacote # 109.
Enviado pacote # 110.
Enviado pacote # 111.
Enviado pacote # 112.
Enviado pacote # 113.
Enviado pacote # 114.
Enviado pacote # 115.
Enviado pacote # 116.
Enviado pacote # 117.
Enviado pacote # 118.
Enviado pacote # 119.
Enviado pacote # 120.
Enviado pacote # 121.
Enviado pacote # 122.
Enviado pacote # 123.
Enviado pacote # 124.
Enviado pacote # 125.
Enviado pacote # 126.
Enviado pacote # 127.
Enviado pacote # 128.
Enviado pacote # 129.
Enviado pacote # 130.
Enviado pacote # 131.
Enviado pacote # 132.
Enviado pacote # 133.
Enviado pacote # 134.
Enviado pacote # 135.
Enviado pacote # 136.
Enviado pacote # 137.
Enviado pacote # 138.
Enviado pacote # 139.
Enviado pacote # 140.
Enviado pacote # 141.
Enviado pacote # 142.
Enviado pacote # 143.
Enviado pacote # 144.
Enviado pacote # 145.
Enviado pacote # 146.
Enviado pacote # 147.
Enviado pacote # 148.
Enviado pacote # 149.
Enviado pacote # 150.
Enviado pacote # 151.
Enviado pacote # 152.
Enviado pacote # 153.
Enviado pacote # 154.
Enviado pacote # 155.
Enviado pacote # 156.
Enviado pacote # 157.
Enviado pacote # 158.
Enviado pacote # 159.
Enviado pacote # 160.
Enviado pacote # 161.
Enviado pacote # 162.
Enviado pacote # 163.
Enviado pacote # 164.
Enviado pacote # 165.
Enviado pacote # 166.
Enviado pacote # 167.
Enviado pacote # 168.
Enviado pacote # 169.
Enviado pacote # 170.
Enviado pacote # 171.
Enviado pacote # 172.
Enviado pacote # 173.
Enviado pacote # 174.
Enviado pacote # 175.
Enviado pacote # 176.
Enviado pacote # 177.
Enviado pacote # 178.
Enviado pacote # 179.
Enviado pacote # 180.
Enviado pacote # 181.
Enviado pacote # 182.
Enviado pacote # 183.
Enviado pacote # 184.
Enviado pacote # 185.
Enviado pacote # 186.
Enviado pacote # 187.
Enviado pacote # 188.
Enviado pacote # 189.
Enviado pacote # 190.
Enviado pacote # 191.
Enviado pacote # 192.
Enviado pacote # 193.
Enviado pacote # 194.
Enviado pacote # 195.
Enviado pacote # 196.
Enviado pacote # 197.
Enviado pacote # 198.
Enviado pacote # 199.
Enviado pacote # 200.
Enviado pacote # 201.
Enviado pacote # 202.
Enviado pacote # 203.
Enviado pacote # 204.
Enviado pacote # 205.
Enviado pacote # 206.
Enviado pacote # 207.
Enviado pacote # 208.
Enviado pacote # 209.
Enviado pacote # 210.
Enviado pacote # 211.
Enviado pacote # 212.
Enviado pacote # 213.
Enviado pacote # 214.
Enviado pacote # 215.
Enviado pacote # 216.
Enviado pacote # 217.
Enviado pacote # 218.
Enviado pacote # 219.
Enviado pacote # 220.
Enviado pacote # 221.
Enviado pacote # 222.
Enviado pacote # 223.
Enviado pacote # 224.
Enviado pacote # 225.
Enviado pacote # 226.
Enviado pacote # 227.
Enviado pacote # 228.
Enviado pacote # 229.
Enviado pacote # 230.
Enviado pacote # 231.
Enviado pacote # 232.
Enviado pacote # 233.
Enviado pacote # 234.
Enviado pacote # 235.
Enviado pacote # 236.
Enviado pacote # 237.
Enviado pacote # 238.
Enviado pacote # 239.
Enviado pacote # 240.
Enviado pacote # 241.
Enviado pacote # 242.
Enviado pacote # 243.
Enviado pacote # 244.
Enviado pacote # 245.
Enviado pacote # 246.
Enviado pacote # 247.
Enviado pacote # 248.
Enviado pacote # 249.
Enviado pacote # 250.
Enviado pacote # 251.
Enviado pacote # 252.
Enviado pacote # 253.
Enviado pacote # 254.
Enviado pacote # 255.
Enviado pacote # 256.
Enviado pacote # 257.
Enviado pacote # 258.
Enviado pacote # 259.
Enviado pacote # 260.
Enviado pacote # 261.
Enviado pacote # 262.
Enviado pacote # 263.
Enviado pacote # 264.
Enviado pacote # 265.
Enviado pacote # 266.
Enviado pacote # 267.
Enviado pacote # 268.
Enviado pacote # 269.
Enviado pacote # 270.
Enviado pacote # 271.
Enviado pacote # 272.
Enviado pacote # 273.
Enviado pacote # 274.
Enviado pacote # 275.
Enviado pacote # 276.
Enviado pacote # 277.
Enviado pacote # 278.
Enviado pacote # 279.
Enviado pacote # 280.
Enviado pacote # 281.
Enviado pacote # 282.
Enviado pacote # 283.
Enviado pacote # 284.
Enviado pacote # 285.
Enviado pacote # 286.
Enviado pacote # 287.
Enviado pacote # 288.
Enviado pacote # 289.
Enviado pacote # 290.
Enviado pacote # 291.
Enviado pacote # 292.
Enviado pacote # 293.
Enviado pacote # 294.
Enviado pacote # 295.
Enviado pacote # 296.
Enviado pacote # 297.
Enviado pacote # 298.
Enviado pacote # 299.
Enviado pacote # 300.
Enviado pacote # 301.
Enviado pacote # 302.
Enviado pacote # 303.
Enviado pacote # 304.
Enviado pacote # 305.
Enviado pacote # 306.
Enviado pacote # 307.
Enviado pacote # 308.
Enviado pacote # 309.
Enviado pacote # 310.
Enviado pacote # 311.
Enviado pacote # 312.
Enviado pacote # 313.
Enviado pacote # 314.
Enviado pacote # 315.
Enviado pacote # 316.
Enviado pacote # 317.
Enviado pacote # 318.
Enviado pacote # 319.
Enviado pacote # 320.
Enviado pacote # 321.
Enviado pacote # 322.
Enviado pacote # 323.
Enviado pacote # 324.
Enviado pacote # 325.
Enviado pacote # 326.
Enviado pacote # 327.
Enviado pacote # 328.
Enviado pacote # 329.
Enviado pacote # 330.
Enviado pacote # 331.
Enviado pacote # 332.
Enviado pacote # 333.
Enviado pacote # 334.
Enviado pacote # 335.
Enviado pacote # 336.
Enviado pacote # 337.
Enviado pacote # 338.
Enviado pacote # 339.
Enviado pacote # 340.
Enviado pacote # 341.
Enviado pacote # 342.
Enviado pacote # 343.
Enviado pacote # 344.
Enviado pacote # 345.
Enviado pacote # 346.
Enviado pacote # 347.
Enviado pacote # 348.
Enviado pacote # 349.
Enviado pacote # 350.
Enviado pacote # 351.
Enviado pacote # 352.
Enviado pacote # 353.
Enviado pacote # 354.
Enviado pacote # 355.
Enviado pacote # 356.
Enviado pacote # 357.
Enviado pacote # 358.
Enviado pacote # 359.
Enviado pacote # 360.
Enviado pacote # 361.
Enviado pacote # 362.
Enviado pacote # 363.
Enviado pacote # 364.
Enviado pacote # 365.
Enviado pacote # 366.
Enviado pacote # 367.
Enviado pacote # 368.
Enviado pacote # 369.
Enviado pacote # 370.
Enviado pacote # 371.
Enviado pacote # 372.
Enviado pacote # 373.
Enviado pacote # 374.
Enviado pacote # 375.
Enviado pacote # 376.
Enviado pacote # 377.
Enviado pacote # 378.
Enviado pacote # 379.
Enviado pacote # 380.
Enviado pacote # 381.
Enviado pacote # 382.
Enviado pacote # 383.
Enviado pacote # 384.
Enviado pacote # 385.
Enviado pacote # 386.
Enviado pacote # 387.
Enviado pacote # 388.
Enviado pacote # 389.
Enviado pacote # 390.
Enviado pacote # 391.
Enviado pacote # 392.
Enviado pacote # 393.
Enviado pacote # 394.
Enviado pacote # 395.
Enviado pacote # 396.
Enviado pacote # 397.
Enviado pacote # 398.
Enviado pacote # 399.
Enviado pacote # 400.
Enviado pacote # 401.
Enviado pacote # 402.
Enviado pacote # 403.
Enviado pacote # 404.
Enviado pacote # 405.
Enviado pacote # 406.
Enviado pacote # 407.
Enviado pacote # 408.
Enviado pacote # 409.
Enviado pacote # 410.
Enviado pacote # 411.
Enviado pacote # 412.
Enviado pacote # 413.
Enviado pacote # 414.
Enviado pacote # 415.
Enviado pacote # 416.
Enviado pacote # 417.
Enviado pacote # 418.
Enviado pacote # 419.
Enviado pacote # 420.
Enviado pacote # 421.
Enviado pacote # 422.
Enviado pacote # 423.
Enviado pacote # 424.
Enviado pacote # 425.
Enviado pacote # 426.
Enviado pacote # 427.
Enviado pacote # 428.
Enviado pacote # 429.
Enviado pacote # 430.
Enviado pacote # 431.
Enviado pacote # 432.
Enviado pacote # 433.
Enviado pacote # 434.
Enviado pacote # 435.
Enviado pacote # 436.
Enviado pacote # 437.
Enviado pacote # 438.
Enviado pacote # 439.
Enviado pacote # 440.
Enviado pacote # 441.
Enviado pacote # 442.
Enviado pacote # 443.
Enviado pacote # 444.
Enviado pacote # 445.
Enviado pacote # 446.
Enviado pacote # 447.
Enviado pacote # 448.
Enviado pacote # 449.
Enviado pacote # 450.
Enviado pacote # 451.
Enviado pacote # 452.
Enviado pacote # 453.
Enviado pacote # 454.
Enviado pacote # 455.
Enviado pacote # 456.
Enviado pacote # 457.
Enviado pacote # 458.
Enviado pacote # 459.
Enviado pacote # 460.
Enviado pacote # 461.
Enviado pacote # 462.
Enviado pacote # 463.
Enviado pacote # 464.
Enviado pacote # 465.
Enviado pacote # 466.
Enviado pacote # 467.
Enviado pacote # 468.
Enviado pacote # 469.
Enviado pacote # 470.
Enviado pacote # 471.
Enviado pacote # 472.
Enviado pacote # 473.
Enviado pacote # 474.
Enviado pacote # 475.
Enviado pacote # 476.
Enviado pacote # 477.
Enviado pacote # 478.
Enviado pacote # 479.
Enviado pacote # 480.
Enviado pacote # 481.
Enviado pacote # 482.
Enviado pacote # 483.
Enviado pacote # 484.
Enviado pacote # 485.
Enviado pacote # 486.
Enviado pacote # 487.
Enviado pacote # 488.
Enviado pacote # 489.
Enviado pacote # 490.
Enviado pacote # 491.
Enviado pacote # 492.
Enviado pacote # 493.
Enviado pacote # 494.
Enviado pacote # 495.
Enviado pacote # 496.
Enviado pacote # 497.
Enviado pacote # 498.
Enviado pacote # 499.
Enviado pacote # 500.
Enviado pacote # 501.
Enviado pacote # 502.
Enviado pacote # 503.
Enviado pacote # 504.
Enviado pacote # 505.
Enviado pacote # 506.
Enviado pacote # 507.
Enviado pacote # 508.
Enviado pacote # 509.
Enviado pacote # 510.
Enviado pacote # 511.
Enviado pacote # 512.
Enviado pacote # 513.
Enviado pacote # 514.
Enviado pacote # 515.
Enviado pacote # 516.
Enviado pacote # 517.
Enviado pacote # 518.
Enviado pacote # 519.
Enviado pacote # 520.
Enviado pacote # 521.
Enviado pacote # 522.
Enviado pacote # 523.
Enviado pacote # 524.
Enviado pacote # 525.
Enviado pacote # 526.
Enviado pacote # 527.
Enviado pacote # 528.
Enviado pacote # 529.
Enviado pacote # 530.
Enviado pacote # 531.
Enviado pacote # 532.
Enviado pacote # 533.
Enviado pacote # 534.
Enviado pacote # 535.
Enviado pacote # 536.
Enviado pacote # 537.
Enviado pacote # 538.
Enviado pacote # 539.
Enviado pacote # 540.
Enviado pacote # 541.
Enviado pacote # 542.
Enviado pacote # 543.
Enviado pacote # 544.
Enviado pacote # 545.
Enviado pacote # 546.
Enviado pacote # 547.
Enviado pacote # 548.
Enviado pacote # 549.
Enviado pacote # 550.
Enviado pacote # 551.
Enviado pacote # 552.
Enviado pacote # 553.
Enviado pacote # 554.
Enviado pacote # 555.
Enviado pacote # 556.
Enviado pacote # 557.
Enviado pacote # 558.
Enviado pacote # 559.
Enviado pacote # 560.
Enviado pacote # 561.
Enviado pacote # 562.
Enviado pacote # 563.
Enviado pacote # 564.
Enviado pacote # 565.
Enviado pacote # 566.
Enviado pacote # 567.
Enviado pacote # 568.
Enviado pacote # 569.
Enviado pacote # 570.
Enviado pacote # 571.
Enviado pacote # 572.
Enviado pacote # 573.
Enviado pacote # 574.
Enviado pacote # 575.
Enviado pacote # 576.
Enviado pacote # 577.
Enviado pacote # 578.
Enviado pacote # 579.
Enviado pacote # 580.
Enviado pacote # 581.
Enviado pacote # 582.
Enviado pacote # 583.
Enviado pacote # 584.
Enviado pacote # 585.
Enviado pacote # 586.
Enviado pacote # 587.
Enviado pacote # 588.
Enviado pacote # 589.
Enviado pacote # 590.
Enviado pacote # 591.
Enviado pacote # 592.
Enviado pacote # 593.
Enviado pacote # 594.
Enviado pacote # 595.
Enviado pacote # 596.
Enviado pacote # 597.
Enviado pacote # 598.
Enviado pacote # 599.
Enviado pacote # 600.
Enviado pacote # 601.
Enviado pacote # 602.
Enviado pacote # 603.
Enviado pacote # 604.
Enviado pacote # 605.
Enviado pacote # 606.
Enviado pacote # 607.
Enviado pacote # 608.
Enviado pacote # 609.
Enviado pacote # 610.
Enviado pacote # 611.
Enviado pacote # 612.
Enviado pacote # 613.
Enviado pacote # 614.
Enviado pacote # 615.
Enviado pacote # 616.
Enviado pacote # 617.
Enviado pacote # 618.
Enviado pacote # 619.
Enviado pacote # 620.
Enviado pacote # 621.
Enviado pacote # 622.
Enviado pacote # 623.
Enviado pacote # 624.
Enviado pacote # 625.
Enviado pacote # 626.
Enviado pacote # 627.
Enviado pacote # 628.
Enviado pacote # 629.
Enviado pacote # 630.
Enviado pacote # 631.
Enviado pacote # 632.
Enviado pacote # 633.
Enviado pacote # 634.
Enviado pacote # 635.
Enviado pacote # 636.
Enviado pacote # 637.
Enviado pacote # 638.
Enviado pacote # 639.
Enviado pacote # 640.
Enviado pacote # 641.
Enviado pacote # 642.
Enviado pacote # 643.
Enviado pacote # 644.
Enviado pacote # 645.
Enviado pacote # 646.
Enviado pacote # 647.
Enviado pacote # 648.
Enviado pacote # 649.
Enviado pacote # 650.
Enviado pacote # 651.
Enviado pacote # 652.
Enviado pacote # 653.
Enviado pacote # 654.
Enviado pacote # 655.
Enviado pacote # 656.
Enviado pacote # 657.
Enviado pacote # 658.
Enviado pacote # 659.
Enviado pacote # 660.
Enviado pacote # 661.
Enviado pacote # 662.
Enviado pacote # 663.
Enviado pacote # 664.
Enviado pacote # 665.
Enviado pacote # 666.
Enviado pacote # 667.
Enviado pacote # 668.
Enviado pacote # 669.
Enviado pacote # 670.
Enviado pacote # 671.
Enviado pacote # 672.
Enviado pacote # 673.
Enviado pacote # 674.
Enviado pacote # 675.
Enviado pacote # 676.
Enviado pacote # 677.
Enviado pacote # 678.
Enviado pacote # 679.
Enviado pacote # 680.
Enviado pacote # 681.
Enviado pacote # 682.
Enviado pacote # 683.
Enviado pacote # 684.
Enviado pacote # 685.
Enviado pacote # 686.
Enviado pacote # 687.
Enviado pacote # 688.
Enviado pacote # 689.
Enviado pacote # 690.
Enviado pacote # 691.
Enviado pacote # 692.
Enviado pacote # 693.
Enviado pacote # 694.
Enviado pacote # 695.
Enviado pacote # 696.
Enviado pacote # 697.
Enviado pacote # 698.
Enviado pacote # 699.
Enviado pacote # 700.
Enviado pacote # 701.
Enviado pacote # 702.
Enviado pacote # 703.
Enviado pacote # 704.
Enviado pacote # 705.
Enviado pacote # 706.
Enviado pacote # 707.
Enviado pacote # 708.
Enviado pacote # 709.
Enviado pacote # 710.
Enviado pacote # 711.
Enviado pacote # 712.
Enviado pacote # 713.
Enviado pacote # 714.
Enviado pacote # 715.
Enviado pacote # 716.
Enviado pacote # 717.
Enviado pacote # 718.
Enviado pacote # 719.
Enviado pacote # 720.
Enviado pacote # 721.
Enviado pacote # 722.
Enviado pacote # 723.
Enviado pacote # 724.
Enviado pacote # 725.
Enviado pacote # 726.
Enviado pacote # 727.
Enviado pacote # 728.
Enviado pacote # 729.
Enviado pacote # 730.
Enviado pacote # 731.
Enviado pacote # 732.
Enviado pacote # 733.
Enviado pacote # 734.
Enviado pacote # 735.
Enviado pacote # 736.
Enviado pacote # 737.
Enviado pacote # 738.
Enviado pacote # 739.
Enviado pacote # 740.
Enviado pacote # 741.
Enviado pacote # 742.
Enviado pacote # 743.
Enviado pacote # 744.
Enviado pacote # 745.
Enviado pacote # 746.
Enviado pacote # 747.
Enviado pacote # 748.
Enviado pacote # 749.
Enviado pacote # 750.
Enviado pacote # 751.
Enviado pacote # 752.
Enviado pacote # 753.
Enviado pacote # 754.
Enviado pacote # 755.
Enviado pacote # 756.
Enviado pacote # 757.
Enviado pacote # 758.
Enviado pacote # 759.
Enviado pacote # 760.
Enviado pacote # 761.
Enviado pacote # 762.
Enviado pacote # 763.
Enviado pacote # 764.
Enviado pacote # 765.
Enviado pacote # 766.
Enviado pacote # 767.
Enviado pacote # 768.
Enviado pacote # 769.
Enviado pacote # 770.
Enviado pacote # 771.
Enviado pacote # 772.
Enviado pacote # 773.
Enviado pacote # 774.
Enviado pacote # 775.
Enviado pacote # 776.
Enviado pacote # 777.
Enviado pacote # 778.
Enviado pacote # 779.
Enviado pacote # 780.
Enviado pacote # 781.
Enviado pacote # 782.
Enviado pacote # 783.
Enviado pacote # 784.
Enviado pacote # 785.
Enviado pacote # 786.
Enviado pacote # 787.
Enviado pacote # 788.
Enviado pacote # 789.
Enviado pacote # 790.
Enviado pacote # 791.
Enviado pacote # 792.
Enviado pacote # 793.
Enviado pacote # 794.
Enviado pacote # 795.
Enviado pacote # 796.
Enviado pacote # 797.
Enviado pacote # 798.
Enviado pacote # 799.
Enviado pacote # 800.
Enviado pacote # 801.
Enviado pacote # 802.
Enviado pacote # 803.
Enviado pacote # 804.
Enviado pacote # 805.
Enviado pacote # 806.
Enviado pacote # 807.
Enviado pacote # 808.
Enviado pacote # 809.
Enviado pacote # 810.
Enviado pacote # 811.
Enviado pacote # 812.
Enviado pacote # 813.
Enviado pacote # 814.
Enviado pacote # 815.
Enviado pacote # 816.
Enviado pacote # 817.
Enviado pacote # 818.
Enviado pacote # 819.
Enviado pacote # 820.
Enviado pacote # 821.
Enviado pacote # 822.
Enviado pacote # 823.
Enviado pacote # 824.
Enviado pacote # 825.
Enviado pacote # 826.
Enviado pacote # 827.
Enviado pacote # 828.
Enviado pacote # 829.
Enviado pacote # 830.
Enviado pacote # 831.
Enviado pacote # 832.
Enviado pacote # 833.
Enviado pacote # 834.
Enviado pacote # 835.
Enviado pacote # 836.
Enviado pacote # 837.
Enviado pacote # 838.
Enviado pacote # 839.
Enviado pacote # 840.
Enviado pacote # 841.
Enviado pacote # 842.
Enviado pacote # 843.
Enviado pacote # 844.
Enviado pacote # 845.
Enviado pacote # 846.
Enviado pacote # 847.
Enviado pacote # 848.
Enviado pacote # 849.
Enviado pacote # 850.
Enviado pacote # 851.
Enviado pacote # 852.
Enviado pacote # 853.
Enviado pacote # 854.
Enviado pacote # 855.
Enviado pacote # 856.
Enviado pacote # 857.
Enviado pacote # 858.
Enviado pacote # 859.
Enviado pacote # 860.
Enviado pacote # 861.
Enviado pacote # 862.
Enviado pacote # 863.
Enviado pacote # 864.
Enviado pacote # 865.
Enviado pacote # 866.
Enviado pacote # 867.
Enviado pacote # 868.
Enviado pacote # 869.
Enviado pacote # 870.
Enviado pacote # 871.
Enviado pacote # 872.
Enviado pacote # 873.
Enviado pacote # 874.
Enviado pacote # 875.
Enviado pacote # 876.
Enviado pacote # 877.
Enviado pacote # 878.
Enviado pacote # 879.
Enviado pacote # 880.
Enviado pacote # 881.
Enviado pacote # 882.
Enviado pacote # 883.
Enviado pacote # 884.
Enviado pacote # 885.
Enviado pacote # 886.
Enviado pacote # 887.
Enviado pacote # 888.
Enviado pacote # 889.
Enviado pacote # 890.
Enviado pacote # 891.
Enviado pacote # 892.
Enviado pacote # 893.
Enviado pacote # 894.
Enviado pacote # 895.
Enviado pacote # 896.
Enviado pacote # 897.
Enviado pacote # 898.
Enviado pacote # 899.
Enviado pacote # 900.
Enviado pacote # 901.
Enviado pacote # 902.
Enviado pacote # 903.
Enviado pacote # 904.
Enviado pacote # 905.
Enviado pacote # 906.
Enviado pacote # 907.
Enviado pacote # 908.
Enviado pacote # 909.
Enviado pacote # 910.
Enviado pacote # 911.
Enviado pacote # 912.
Enviado pacote # 913.
Enviado pacote # 914.
Enviado pacote # 915.
Enviado pacote # 916.
Enviado pacote # 917.
Enviado pacote # 918.
Enviado pacote # 919.
Enviado pacote # 920.
Enviado pacote # 921.
Enviado pacote # 922.
Enviado pacote # 923.
Enviado pacote # 924.
Enviado pacote # 925.
Enviado pacote # 926.
Enviado pacote # 927.
Enviado pacote # 928.
Enviado pacote # 929.
Enviado pacote # 9